<?xml version="1.0" encoding="UTF-8"?>
<!-- Generated by org.testng.reporters.JUnitReportReporter -->
<testsuite hostname="FJOSEBAB1" failures="0" tests="1" name="com.MyShopV2.Tests.TC_ProductPagesTest" time="43.297" errors="0" timestamp="2025-03-15T17:45:11 IST" skipped="0">
  <testcase classname="com.MyShopV2.Tests.TC_ProductPagesTest" name="VerifyBuyProduct" time="43.297"/>
  <system-out/>
</testsuite> <!-- com.MyShopV2.Tests.TC_ProductPagesTest -->
