<?xml version="1.0" encoding="UTF-8"?>
<!-- Generated by org.testng.reporters.JUnitReportReporter -->
<testsuite hostname="FJOSEBAB1" failures="0" tests="1" name="com.MyShopV2.Tests.TC_ProductPagesTest" time="45.354" errors="0" timestamp="2025-03-11T22:58:00 IST" skipped="0">
  <testcase classname="com.MyShopV2.Tests.TC_ProductPagesTest" name="VerifySearchProduct" time="45.354"/>
  <system-out/>
</testsuite> <!-- com.MyShopV2.Tests.TC_ProductPagesTest -->
