<?xml version="1.0" encoding="UTF-8"?>
<!-- Generated by org.testng.reporters.JUnitReportReporter -->
<testsuite hostname="FJOSEBAB1" failures="0" tests="4" name="com.MyShopV2.Tests.TC_MyAccountPageTest" time="52.834" errors="0" timestamp="2025-03-16T16:38:03 IST" skipped="2">
  <testcase classname="com.MyShopV2.Tests.TC_MyAccountPageTest" name="VerifyLogin" time="27.099"/>
  <system-out/>
  <testcase classname="com.MyShopV2.Tests.TC_MyAccountPageTest" name="VerifySignOut" time="25.735"/>
  <system-out/>
  <testcase classname="com.MyShopV2.Tests.TC_MyAccountPageTest" name="verifyRegistrationAndLogin">
    <skipped/>
  </testcase> <!-- verifyRegistrationAndLogin -->
  <system-out/>
  <testcase classname="com.MyShopV2.Tests.TC_MyAccountPageTest" name="verifyAddNewAddress">
    <skipped/>
  </testcase> <!-- verifyAddNewAddress -->
  <system-out/>
</testsuite> <!-- com.MyShopV2.Tests.TC_MyAccountPageTest -->
