<?xml version="1.0" encoding="UTF-8"?>
<!-- Generated by org.testng.reporters.JUnitReportReporter -->
<testsuite hostname="FJOSEBAB1" failures="0" tests="2" name="com.MyShopV2.Tests.TC_MyAccountPageTest" time="27.608" errors="0" timestamp="2025-03-12T18:23:15 IST" skipped="1">
  <testcase classname="com.MyShopV2.Tests.TC_MyAccountPageTest" name="verifyAddNewAddress" time="27.608"/>
  <system-out/>
  <testcase classname="com.MyShopV2.Tests.TC_MyAccountPageTest" name="verifyRegistrationAndLogin">
    <skipped/>
  </testcase> <!-- verifyRegistrationAndLogin -->
  <system-out/>
</testsuite> <!-- com.MyShopV2.Tests.TC_MyAccountPageTest -->
