<?xml version="1.0" encoding="UTF-8"?>
<!-- Generated by org.testng.reporters.JUnitReportReporter -->
<testsuite hostname="FJOSEBAB1" failures="0" tests="3" name="com.MyShopV2.Tests.TC_MyAccountPageTestDataDrivenTesting" time="40.292" errors="0" timestamp="2025-03-10T23:10:01 IST" skipped="1">
  <testcase classname="com.MyShopV2.Tests.TC_MyAccountPageTestDataDrivenTesting" name="VerifyLogin" time="24.841"/>
  <system-out/>
  <testcase classname="com.MyShopV2.Tests.TC_MyAccountPageTestDataDrivenTesting" name="VerifyLogin" time="15.451"/>
  <system-out/>
  <testcase classname="com.MyShopV2.Tests.TC_MyAccountPageTestDataDrivenTesting" name="verifyRegistrationAndLogin">
    <skipped/>
  </testcase> <!-- verifyRegistrationAndLogin -->
  <system-out/>
</testsuite> <!-- com.MyShopV2.Tests.TC_MyAccountPageTestDataDrivenTesting -->
