<?xml version="1.0" encoding="UTF-8"?>
<!-- Generated by org.testng.reporters.JUnitReportReporter -->
<testsuite hostname="FJOSEBAB1" failures="0" tests="2" name="com.MyShopV2.Tests.TC_ProductPageTest" time="68.162" errors="0" timestamp="2025-03-16T16:38:03 IST" skipped="0">
  <testcase classname="com.MyShopV2.Tests.TC_ProductPageTest" name="VerifySearchProduct" time="21.249"/>
  <system-out/>
  <testcase classname="com.MyShopV2.Tests.TC_ProductPageTest" name="VerifyBuyProduct" time="46.913"/>
  <system-out/>
</testsuite> <!-- com.MyShopV2.Tests.TC_ProductPageTest -->
