<?xml version="1.0" encoding="UTF-8"?>
<!-- Generated by org.testng.reporters.JUnitReportReporter -->
<testsuite hostname="FJOSEBAB1" failures="0" tests="3" name="com.MyShopV2.Tests.TC_MyAccountPageTestDataDrivenTesting" time="57.126" errors="0" timestamp="2025-03-11T13:15:04 IST" skipped="1">
  <testcase classname="com.MyShopV2.Tests.TC_MyAccountPageTestDataDrivenTesting" name="VerifyLogin" time="38.438"/>
  <system-out/>
  <testcase classname="com.MyShopV2.Tests.TC_MyAccountPageTestDataDrivenTesting" name="VerifyLogin" time="18.688"/>
  <system-out/>
  <testcase classname="com.MyShopV2.Tests.TC_MyAccountPageTestDataDrivenTesting" name="verifyRegistrationAndLogin">
    <skipped/>
  </testcase> <!-- verifyRegistrationAndLogin -->
  <system-out/>
</testsuite> <!-- com.MyShopV2.Tests.TC_MyAccountPageTestDataDrivenTesting -->
