<?xml version="1.0" encoding="UTF-8"?>
<!-- Generated by org.testng.reporters.JUnitReportReporter -->
<testsuite hostname="FJOSEBAB1" failures="0" tests="1" name="com.MyShopV2.Tests.Demo_Test" time="55.413" errors="0" timestamp="2025-03-14T19:05:54 IST" skipped="0">
  <testcase classname="com.MyShopV2.Tests.Demo_Test" name="verifySearchProduct" time="55.413"/>
  <system-out/>
</testsuite> <!-- com.MyShopV2.Tests.Demo_Test -->
